[17:23:30] [Client thread/INFO]: Setting user: Player437
[17:23:32] [Client thread/INFO]: LWJGL Version: 2.9.4
[17:23:34] [Client thread/INFO]: Reloading ResourceManager: Default, FMLFileResourcePack:Forge Mod Loader, FMLFileResourcePack:Minecraft Forge
[17:23:34] [Sound Library Loader/INFO]: Starting up SoundSystem...
[17:23:34] [Thread-8/INFO]: Initializing LWJGL OpenAL
[17:23:34] [Thread-8/INFO]: (The LWJGL binding of OpenAL.  For more information, see http://www.lwjgl.org)
[17:23:34] [Thread-8/INFO]: OpenAL initialized.
[17:23:35] [Sound Library Loader/INFO]: Sound engine started
[17:23:37] [Client thread/INFO]: Created: 16x16 textures-atlas
[17:23:37] [Client thread/INFO]: Reloading ResourceManager: Default, FMLFileResourcePack:Forge Mod Loader, FMLFileResourcePack:Minecraft Forge
[17:23:37] [Client thread/INFO]: SoundSystem shutting down...
[17:23:38] [Client thread/WARN]: Author: Paul Lamb, www.paulscode.com
[17:23:38] [Sound Library Loader/INFO]: Starting up SoundSystem...
[17:23:38] [Thread-10/INFO]: Initializing LWJGL OpenAL
[17:23:38] [Thread-10/INFO]: (The LWJGL binding of OpenAL.  For more information, see http://www.lwjgl.org)
[17:23:38] [Thread-10/INFO]: OpenAL initialized.
[17:23:38] [Sound Library Loader/INFO]: Sound engine started
[17:23:40] [Client thread/INFO]: Created: 512x512 textures-atlas
[17:24:36] [Client thread/INFO]: Stopping!
[17:24:36] [Client thread/INFO]: SoundSystem shutting down...
[17:24:36] [Client thread/WARN]: Author: Paul Lamb, www.paulscode.com
